build/app/intermediates/manifest_merge_blame_file/release/manifest-merger-blame-release-report.txt
1<?xml version="1.0" encoding="utf-8"?>
2<manifest xmlns:android="http://schemas.android.com/apk/res/android"
3    package="com.izdihardev.apotek_pulosari"
4    android:versionCode="60"
5    android:versionName="60.0.0" >
6
7    <uses-sdk
8        android:minSdkVersion="16"
8-->src/main/AndroidManifest.xml
9        android:targetSdkVersion="30" />
9-->src/main/AndroidManifest.xml
10
11    <uses-permission android:name="android.permission.INTERNET" />
11-->src/main/AndroidManifest.xml:3:5-66
11-->src/main/AndroidManifest.xml:3:22-64
12    <uses-permission android:name="android.permission.READ_EXTERNAL_STORAGE" />
12-->[:image_picker] AndroidManifest.xml:7:5-80
12-->[:image_picker] AndroidManifest.xml:7:22-77
13    <uses-permission android:name="android.permission.WRITE_EXTERNAL_STORAGE" />
13-->[:image_picker] AndroidManifest.xml:8:5-81
13-->[:image_picker] AndroidManifest.xml:8:22-78
14    <uses-permission android:name="android.permission.REQUEST_INSTALL_PACKAGES" />
14-->[:open_file] AndroidManifest.xml:8:5-83
14-->[:open_file] AndroidManifest.xml:8:22-80
15    <uses-permission android:name="android.permission.ACCESS_NETWORK_STATE" />
15-->[:connectivity] AndroidManifest.xml:7:5-79
15-->[:connectivity] AndroidManifest.xml:7:22-76
16    <uses-permission android:name="android.permission.CAMERA" />
16-->[:qrscan] AndroidManifest.xml:7:5-65
16-->[:qrscan] AndroidManifest.xml:7:22-62
17    <uses-permission android:name="android.permission.VIBRATE" />
17-->[:qrscan] AndroidManifest.xml:8:5-66
17-->[:qrscan] AndroidManifest.xml:8:22-63
18    <uses-permission android:name="android.permission.FLASHLIGHT" />
18-->[:qrscan] AndroidManifest.xml:9:5-69
18-->[:qrscan] AndroidManifest.xml:9:22-66
19
20    <uses-feature android:name="android.hardware.camera" />
20-->[:qrscan] AndroidManifest.xml:11:5-60
20-->[:qrscan] AndroidManifest.xml:11:19-57
21    <uses-feature android:name="android.hardware.camera.autofocus" />
21-->[:qrscan] AndroidManifest.xml:12:5-70
21-->[:qrscan] AndroidManifest.xml:12:19-67
22
23    <uses-permission android:name="android.permission.WAKE_LOCK" />
23-->[:qrscan] AndroidManifest.xml:14:5-68
23-->[:qrscan] AndroidManifest.xml:14:22-65
24    <uses-permission android:name="com.google.android.finsky.permission.BIND_GET_INSTALL_REFERRER_SERVICE" />
24-->[com.google.android.gms:play-services-measurement:18.0.1] AndroidManifest.xml:26:5-110
24-->[com.google.android.gms:play-services-measurement:18.0.1] AndroidManifest.xml:26:22-107
25    <!--
26 io.flutter.app.FlutterApplication is an android.app.Application that
27         calls FlutterMain.startInitialization(this); in its onCreate method.
28         In most cases you can leave this as-is, but you if you want to provide
29         additional functionality it is fine to subclass or reimplement
30         FlutterApplication and put your custom class here.
31    -->
32    <application
32-->src/main/AndroidManifest.xml:9:5-30:19
33        android:name="io.flutter.app.FlutterApplication"
33-->src/main/AndroidManifest.xml:10:9-57
34        android:allowBackup="true"
34-->[:qrscan] AndroidManifest.xml:20:9-35
35        android:appComponentFactory="androidx.core.app.CoreComponentFactory"
35-->[androidx.core:core:1.1.0] AndroidManifest.xml:24:18-86
36        android:configChanges="orientation|keyboardHidden"
36-->[:qrscan] AndroidManifest.xml:21:9-59
37        android:icon="@mipmap/ic_launcher"
37-->src/main/AndroidManifest.xml:12:9-43
38        android:label="Apotek Pulosari"
38-->src/main/AndroidManifest.xml:11:9-40
39        android:screenOrientation="portrait"
39-->[:qrscan] AndroidManifest.xml:23:9-45
40        android:supportsRtl="true"
40-->[:qrscan] AndroidManifest.xml:24:9-35
41        android:theme="@style/Theme.AppCompat.NoActionBar"
41-->[:qrscan] AndroidManifest.xml:25:9-59
42        android:windowSoftInputMode="stateAlwaysHidden" >
42-->[:qrscan] AndroidManifest.xml:26:9-56
43        <activity
43-->src/main/AndroidManifest.xml:13:9-24:20
44            android:name="com.izdihardev.apotek_pulosari.MainActivity"
44-->src/main/AndroidManifest.xml:14:13-41
45            android:configChanges="orientation|keyboardHidden|keyboard|screenSize|smallestScreenSize|locale|layoutDirection|fontScale|screenLayout|density|uiMode"
45-->src/main/AndroidManifest.xml:17:13-163
46            android:hardwareAccelerated="true"
46-->src/main/AndroidManifest.xml:18:13-47
47            android:launchMode="singleTop"
47-->src/main/AndroidManifest.xml:15:13-43
48            android:theme="@style/LaunchTheme"
48-->src/main/AndroidManifest.xml:16:13-47
49            android:windowSoftInputMode="adjustResize" >
49-->src/main/AndroidManifest.xml:19:13-55
50            <intent-filter>
50-->src/main/AndroidManifest.xml:20:13-23:29
51                <action android:name="android.intent.action.MAIN" />
51-->src/main/AndroidManifest.xml:21:17-68
51-->src/main/AndroidManifest.xml:21:25-66
52
53                <category android:name="android.intent.category.LAUNCHER" />
53-->src/main/AndroidManifest.xml:22:17-76
53-->src/main/AndroidManifest.xml:22:27-74
54            </intent-filter>
55        </activity>
56        <!--
57             Don't delete the meta-data below.
58             This is used by the Flutter tool to generate GeneratedPluginRegistrant.java
59        -->
60        <meta-data
60-->src/main/AndroidManifest.xml:27:9-29:33
61            android:name="flutterEmbedding"
61-->src/main/AndroidManifest.xml:28:13-44
62            android:value="2" />
62-->src/main/AndroidManifest.xml:29:13-30
63
64        <service
64-->[com.google.firebase:firebase-analytics-ktx:18.0.1] AndroidManifest.xml:8:9-14:19
65            android:name="com.google.firebase.components.ComponentDiscoveryService"
65-->[com.google.firebase:firebase-analytics-ktx:18.0.1] AndroidManifest.xml:9:13-84
66            android:directBootAware="true"
66-->[com.google.firebase:firebase-common:19.5.0] AndroidManifest.xml:35:13-43
67            android:exported="false" >
67-->[com.google.firebase:firebase-analytics-ktx:18.0.1] AndroidManifest.xml:10:13-37
68            <meta-data
68-->[com.google.firebase:firebase-analytics-ktx:18.0.1] AndroidManifest.xml:11:13-13:85
69                android:name="com.google.firebase.components:com.google.firebase.analytics.ktx.FirebaseAnalyticsKtxRegistrar"
69-->[com.google.firebase:firebase-analytics-ktx:18.0.1] AndroidManifest.xml:12:17-126
70                android:value="com.google.firebase.components.ComponentRegistrar" />
70-->[com.google.firebase:firebase-analytics-ktx:18.0.1] AndroidManifest.xml:13:17-82
71            <meta-data
71-->[com.google.firebase:firebase-common-ktx:19.5.0] AndroidManifest.xml:15:13-17:85
72                android:name="com.google.firebase.components:com.google.firebase.ktx.FirebaseCommonKtxRegistrar"
72-->[com.google.firebase:firebase-common-ktx:19.5.0] AndroidManifest.xml:16:17-113
73                android:value="com.google.firebase.components.ComponentRegistrar" />
73-->[com.google.firebase:firebase-common-ktx:19.5.0] AndroidManifest.xml:17:17-82
74            <meta-data
74-->[com.google.android.gms:play-services-measurement-api:18.0.1] AndroidManifest.xml:30:13-32:85
75                android:name="com.google.firebase.components:com.google.firebase.analytics.connector.internal.AnalyticsConnectorRegistrar"
75-->[com.google.android.gms:play-services-measurement-api:18.0.1] AndroidManifest.xml:31:17-139
76                android:value="com.google.firebase.components.ComponentRegistrar" />
76-->[com.google.android.gms:play-services-measurement-api:18.0.1] AndroidManifest.xml:32:17-82
77            <meta-data
77-->[com.google.firebase:firebase-installations:16.3.5] AndroidManifest.xml:18:13-20:85
78                android:name="com.google.firebase.components:com.google.firebase.installations.FirebaseInstallationsRegistrar"
78-->[com.google.firebase:firebase-installations:16.3.5] AndroidManifest.xml:19:17-127
79                android:value="com.google.firebase.components.ComponentRegistrar" />
79-->[com.google.firebase:firebase-installations:16.3.5] AndroidManifest.xml:20:17-82
80            <!--
81                This registrar is not defined in the dynamic-module-support sdk itself to allow non-firebase
82                clients to use it as well, by defining this registrar in their own core/common library.
83            -->
84            <meta-data
84-->[com.google.firebase:firebase-common:19.5.0] AndroidManifest.xml:43:13-45:85
85                android:name="com.google.firebase.components:com.google.firebase.dynamicloading.DynamicLoadingRegistrar"
85-->[com.google.firebase:firebase-common:19.5.0] AndroidManifest.xml:44:17-121
86                android:value="com.google.firebase.components.ComponentRegistrar" />
86-->[com.google.firebase:firebase-common:19.5.0] AndroidManifest.xml:45:17-82
87        </service>
88
89        <provider
89-->[:image_picker] AndroidManifest.xml:11:9-19:20
90            android:name="io.flutter.plugins.imagepicker.ImagePickerFileProvider"
90-->[:image_picker] AndroidManifest.xml:12:13-82
91            android:authorities="com.izdihardev.apotek_pulosari.flutter.image_provider"
91-->[:image_picker] AndroidManifest.xml:13:13-74
92            android:exported="false"
92-->[:image_picker] AndroidManifest.xml:14:13-37
93            android:grantUriPermissions="true" >
93-->[:image_picker] AndroidManifest.xml:15:13-47
94            <meta-data
94-->[:image_picker] AndroidManifest.xml:16:13-18:75
95                android:name="android.support.FILE_PROVIDER_PATHS"
95-->[:image_picker] AndroidManifest.xml:17:17-67
96                android:resource="@xml/flutter_image_picker_file_paths" />
96-->[:image_picker] AndroidManifest.xml:18:17-72
97        </provider>
98        <provider
98-->[:open_file] AndroidManifest.xml:12:9-21:20
99            android:name="androidx.core.content.FileProvider"
99-->[:open_file] AndroidManifest.xml:13:13-62
100            android:authorities="com.izdihardev.apotek_pulosari.fileProvider"
100-->[:open_file] AndroidManifest.xml:14:13-64
101            android:exported="false"
101-->[:open_file] AndroidManifest.xml:15:13-37
102            android:grantUriPermissions="true" >
102-->[:open_file] AndroidManifest.xml:16:13-47
103            <meta-data
103-->[:image_picker] AndroidManifest.xml:16:13-18:75
104                android:name="android.support.FILE_PROVIDER_PATHS"
104-->[:image_picker] AndroidManifest.xml:17:17-67
105                android:resource="@xml/filepaths" />
105-->[:image_picker] AndroidManifest.xml:18:17-72
106        </provider>
107
108        <activity
108-->[:url_launcher] AndroidManifest.xml:8:9-11:74
109            android:name="io.flutter.plugins.urllauncher.WebViewActivity"
109-->[:url_launcher] AndroidManifest.xml:9:13-74
110            android:exported="false"
110-->[:url_launcher] AndroidManifest.xml:10:13-37
111            android:theme="@android:style/Theme.NoTitleBar.Fullscreen" />
111-->[:url_launcher] AndroidManifest.xml:11:13-71
112        <activity android:name="com.shinow.qrscan.SecondActivity" />
112-->[:qrscan] AndroidManifest.xml:27:9-69
112-->[:qrscan] AndroidManifest.xml:27:19-66
113
114        <provider
114-->[com.google.firebase:firebase-common:19.5.0] AndroidManifest.xml:26:9-31:39
115            android:name="com.google.firebase.provider.FirebaseInitProvider"
115-->[com.google.firebase:firebase-common:19.5.0] AndroidManifest.xml:27:13-77
116            android:authorities="com.izdihardev.apotek_pulosari.firebaseinitprovider"
116-->[com.google.firebase:firebase-common:19.5.0] AndroidManifest.xml:28:13-72
117            android:directBootAware="true"
117-->[com.google.firebase:firebase-common:19.5.0] AndroidManifest.xml:29:13-43
118            android:exported="false"
118-->[com.google.firebase:firebase-common:19.5.0] AndroidManifest.xml:30:13-37
119            android:initOrder="100" />
119-->[com.google.firebase:firebase-common:19.5.0] AndroidManifest.xml:31:13-36
120        <provider
120-->[com.squareup.picasso:picasso:2.71828] AndroidManifest.xml:8:9-11:40
121            android:name="com.squareup.picasso.PicassoProvider"
121-->[com.squareup.picasso:picasso:2.71828] AndroidManifest.xml:9:13-64
122            android:authorities="com.izdihardev.apotek_pulosari.com.squareup.picasso"
122-->[com.squareup.picasso:picasso:2.71828] AndroidManifest.xml:10:13-72
123            android:exported="false" />
123-->[com.squareup.picasso:picasso:2.71828] AndroidManifest.xml:11:13-37
124
125        <activity
125-->[com.github.leyan95:android-zxingLibrary:0.1.2-PRE] AndroidManifest.xml:14:9-19:63
126            android:name="com.uuzuche.lib_zxing.activity.CaptureActivity"
126-->[com.github.leyan95:android-zxingLibrary:0.1.2-PRE] AndroidManifest.xml:15:13-74
127            android:configChanges="orientation|keyboardHidden"
127-->[com.github.leyan95:android-zxingLibrary:0.1.2-PRE] AndroidManifest.xml:16:13-63
128            android:screenOrientation="portrait"
128-->[com.github.leyan95:android-zxingLibrary:0.1.2-PRE] AndroidManifest.xml:17:13-49
129            android:theme="@style/Theme.AppCompat.NoActionBar"
129-->[com.github.leyan95:android-zxingLibrary:0.1.2-PRE] AndroidManifest.xml:18:13-63
130            android:windowSoftInputMode="stateAlwaysHidden" />
130-->[com.github.leyan95:android-zxingLibrary:0.1.2-PRE] AndroidManifest.xml:19:13-60
131
132        <receiver
132-->[com.google.android.gms:play-services-measurement:18.0.1] AndroidManifest.xml:29:9-33:20
133            android:name="com.google.android.gms.measurement.AppMeasurementReceiver"
133-->[com.google.android.gms:play-services-measurement:18.0.1] AndroidManifest.xml:30:13-85
134            android:enabled="true"
134-->[com.google.android.gms:play-services-measurement:18.0.1] AndroidManifest.xml:31:13-35
135            android:exported="false" >
135-->[com.google.android.gms:play-services-measurement:18.0.1] AndroidManifest.xml:32:13-37
136        </receiver>
137
138        <service
138-->[com.google.android.gms:play-services-measurement:18.0.1] AndroidManifest.xml:35:9-38:40
139            android:name="com.google.android.gms.measurement.AppMeasurementService"
139-->[com.google.android.gms:play-services-measurement:18.0.1] AndroidManifest.xml:36:13-84
140            android:enabled="true"
140-->[com.google.android.gms:play-services-measurement:18.0.1] AndroidManifest.xml:37:13-35
141            android:exported="false" />
141-->[com.google.android.gms:play-services-measurement:18.0.1] AndroidManifest.xml:38:13-37
142        <service
142-->[com.google.android.gms:play-services-measurement:18.0.1] AndroidManifest.xml:39:9-43:72
143            android:name="com.google.android.gms.measurement.AppMeasurementJobService"
143-->[com.google.android.gms:play-services-measurement:18.0.1] AndroidManifest.xml:40:13-87
144            android:enabled="true"
144-->[com.google.android.gms:play-services-measurement:18.0.1] AndroidManifest.xml:41:13-35
145            android:exported="false"
145-->[com.google.android.gms:play-services-measurement:18.0.1] AndroidManifest.xml:42:13-37
146            android:permission="android.permission.BIND_JOB_SERVICE" />
146-->[com.google.android.gms:play-services-measurement:18.0.1] AndroidManifest.xml:43:13-69
147
148        <meta-data
148-->[com.google.android.gms:play-services-basement:17.0.0] AndroidManifest.xml:23:9-25:69
149            android:name="com.google.android.gms.version"
149-->[com.google.android.gms:play-services-basement:17.0.0] AndroidManifest.xml:24:13-58
150            android:value="@integer/google_play_services_version" />
150-->[com.google.android.gms:play-services-basement:17.0.0] AndroidManifest.xml:25:13-66
151    </application>
152
153</manifest>